<?xml version="1.0" encoding="UTF-8"?>
<!-- Generated by org.testng.reporters.JUnitReportReporter -->
<testsuite hostname="DESKTOP-HECRIQK" failures="0" tests="4" name="TestNg.OrangeHrm" time="10.429" errors="0" timestamp="2025-06-09T16:38:19 IST" skipped="0">
  <testcase classname="TestNg.OrangeHrm" name="openapp" time="8.472"/>
  <testcase classname="TestNg.OrangeHrm" name="logo" time="1.231"/>
  <testcase classname="TestNg.OrangeHrm" name="login" time="0.393"/>
  <testcase classname="TestNg.OrangeHrm" name="logout" time="0.333"/>
</testsuite> <!-- TestNg.OrangeHrm -->
