<?xml version="1.0" encoding="UTF-8"?>
<!-- Generated by org.testng.reporters.JUnitReportReporter -->
<testsuite hostname="DESKTOP-HECRIQK" failures="0" tests="1" name="pom.LoginTest" time="3.723" errors="0" timestamp="2025-06-12T16:01:46 IST" skipped="0">
  <testcase classname="pom.LoginTest" name="login" time="3.723"/>
</testsuite> <!-- pom.LoginTest -->
